 THIS SOFTWARE AND ANY ACCOMPANYING DOCUMENTATION
 IS RELEASED "AS IS".  THE U.S. GOVERNMENT MAKES NO
 WARRANTY OF ANY KIND, EXPRESS OR IMPLIED, CONCERNING
 THIS SOFTWARE AND ANY ACCOMPANYING DOCUMENTATION,
 INCLUDING, WITHOUT LIMITATION, ANY WARRANTIES OF
 MERCHANTABILITY OR FITNESS FOR A PARTICULAR PURPOSE.
 IN NO EVENT WILL THE U.S. GOVERNMENT BE LIABLE FOR ANY
 DAMAGES, INCLUDING LOST PROFITS, LOST SAVINGS OR OTHER
 INCIDENTAL OR CONSEQUENTIAL DAMAGES ARISING OUT OF THE 
 USE, OR INABILITY TO USE, THIS SOFTWARE OR ANY
 ACCOMPANYING DOCUMENTATION, EVEN IF INFORMED IN ADVANCE
 OF THE POSSIBILITY OF SUCH DAMAGES.








                                        ****************************************************
                                        *    USAF STABILITY AND CONTROL  DIGITAL DATCOM    *
                                        *    PROGRAM REV. JAN 96   DIRECT INQUIRIES TO:    *
                                        *   WRIGHT LABORATORY  (WL/FIGC)  ATTN: W. BLAKE   *
                                        *         WRIGHT PATTERSON AFB, OHIO  45433        *
                                        *    PHONE (513) 255-6764,   FAX (513) 258-4054    *
                                        ****************************************************
1                         CONERR - INPUT ERROR CHECKING
0 ERROR CODES - N* DENOTES THE NUMBER OF OCCURENCES OF EACH ERROR
0 A - UNKNOWN VARIABLE NAME
0 B - MISSING EQUAL SIGN FOLLOWING VARIABLE NAME
0 C - NON-ARRAY VARIABLE HAS AN ARRAY ELEMENT DESIGNATION - (N)
0 D - NON-ARRAY VARIABLE HAS MULTIPLE VALUES ASSIGNED
0 E - ASSIGNED VALUES EXCEED ARRAY DIMENSION
0 F - SYNTAX ERROR

0******************************  INPUT DATA CARDS  ******************************

 CASEID                                                                          
 DIM FT                                                                          
 DERIV DEG                                                                       
 DAMP                                                                            
  $FLTCON WT = 59000.0, LOOP = 2.0,                                              
    NMACH = 1.0, MACH(1) = 0.79,                                                 
    NALT = 1.0, ALT(1) = 32000.0,                                                
    NALPHA = 1.0, ALSCHD(1) = 2.0,                                               
    $                                                                            
  $OPTINS SREF = 702.4, CBARR = 8.167, BLREF = 81.683, ROUGFC = 0.00025,  $      
  $SYNTHS XCG = 39.208, ZCG = 0.0,                                               
    XW = 28.75, ZW = -4.583, ALIW = 2.0,                                         
    XH = 69.167, ZH = 11.2, ALIH = 0.0,                                          
    XV = 57.583, ZV = 1.0,                                                       
    SCALE = 1.0,                                                                 
    VERTUP = .TRUE.,  $                                                          
  $BODY NX = 20.0,                                                               
    X(1) = 0.0, 1.67, 3.33, 5.0, 6.67, 8.33, 10.0, 11.67,                        
    33.33, 55.0, 56.67, 58.33, 60.0, 61.67, 63.33, 65.0,                         
    66.67, 68.33, 70.0, 71.67,                                                   
    ZU(1) = -3.5, -0.1, 0.68, 1.83, 3.25, 4.08, 4.5, 4.58,                       
    4.58, 4.58, 4.42, 4.33, 4.25, 4.08, 4.0, 3.83,                               
    3.83, 3.5, 3.42, 3.08,                                                       
    ZL(1) = -3.5, -5.72, -6.0, -6.25, -6.25, -6.33, -6.33, -6.33,                
    -6.33, -6.33, -5.58, -4.83, -3.92, -3.17, -2.25, -1.58,                      
    -0.67, 0.0, 0.75, 1.67,                                                      
    S(1) = 0.0, 24.86, 37.08, 49.11, 61.84, 71.83, 77.27, 78.47,                 
    78.47, 78.47, 67.18, 55.62, 45.16, 35.78, 27.5, 20.31,                       
    14.2, 9.19, 5.26, 1.54,                                                      
    BLN = 13.75,                                                                 
    BTAIL = 2.0, ITYPE = 3.0, METHOD = 2.0, $                                    
  $WGSCHR TYPEIN = 1.0, NPTS = 50.0, DWASH = 1.0,                                
    XCORD(1) = 0.0, 0.005, 0.02, 0.04, 0.06, 0.08, 0.1, 0.12,                    
    0.14, 0.16, 0.18, 0.2, 0.22, 0.24, 0.26, 0.28,                               
    0.3, 0.32, 0.34, 0.36, 0.38, 0.4, 0.42, 0.44,                                
    0.46, 0.48, 0.5, 0.52, 0.54, 0.56, 0.58, 0.6,                                
    0.62, 0.64, 0.66, 0.68, 0.7, 0.72, 0.74, 0.76,                               
    0.78, 0.8, 0.82, 0.84, 0.86, 0.88, 0.9, 0.92,                                
    0.94, 1.0,                                                                   
    YUPPER(1) = 0.0, 0.0141, 0.0252, 0.0329, 0.0378, 0.0416, 0.0447, 0.0472,     
    0.0495, 0.0514, 0.0531, 0.0545, 0.0557, 0.0568, 0.0577, 0.0585,              
    0.0591, 0.0595, 0.0599, 0.0601, 0.0602, 0.0602, 0.0601, 0.0599,              
    0.0596, 0.0592, 0.0586, 0.058, 0.0572, 0.0563, 0.0553, 0.0541,               
    0.0527, 0.0512, 0.0495, 0.0476, 0.0456, 0.0434, 0.041, 0.0384,               
    0.0357, 0.0328, 0.0297, 0.0265, 0.0231, 0.0195, 0.0157, 0.0117,              
    0.0075, -0.0067,                                                             
    YLOWER(1) = 0.0, -0.0141, -0.0252, -0.0329, -0.0378, -0.0416, -0.0447, -0.047
    -0.0496, -0.0515, -0.0532, -0.0547, -0.056, -0.057, -0.0579, -0.0586,        
    -0.0592, -0.0595, -0.0597, -0.0598, -0.0598, -0.0596, -0.0592, -0.0586,      
    -0.0578, -0.0567, -0.0554, -0.0538, -0.0519, -0.0497, -0.0472, -0.0444,      
    -0.0414, -0.0382, -0.0348, -0.0312, -0.0276, -0.024, -0.0204, -0.0168,       
    -0.0133, -0.0102, -0.0073, -0.0048, -0.0028, -0.0016, -0.001, -0.0013,       
    -0.0025, -0.0125,                                                            
    $                                                                            
  $WGPLNF CHRDTP = 4.34, CHRDR = 15.5,                                           
    SSPNE = 39.0, SSPN = 40.845,                                                 
    SAVSI = 30.0, CHSTAT = 0.5,                                                  
    TWISTA = 0.0, DHDADI = 5.0,                                                  
    TYPE = 1.0,$                                                                 
 CASEID TOTAL AIRCRAFT                                                           
1          THE FOLLOWING IS A LIST OF ALL INPUT CARDS FOR THIS CASE.
0
 CASEID                                                                          
 DIM FT                                                                          
 DERIV DEG                                                                       
 DAMP                                                                            
  $FLTCON WT = 59000.0, LOOP = 2.0,                                              
    NMACH = 1.0, MACH(1) = 0.79,                                                 
    NALT = 1.0, ALT(1) = 32000.0,                                                
    NALPHA = 1.0, ALSCHD(1) = 2.0,                                               
    $                                                                            
  $OPTINS SREF = 702.4, CBARR = 8.167, BLREF = 81.683, ROUGFC = 0.00025,  $      
  $SYNTHS XCG = 39.208, ZCG = 0.0,                                               
    XW = 28.75, ZW = -4.583, ALIW = 2.0,                                         
    XH = 69.167, ZH = 11.2, ALIH = 0.0,                                          
    XV = 57.583, ZV = 1.0,                                                       
    SCALE = 1.0,                                                                 
    VERTUP = .TRUE.,  $                                                          
  $BODY NX = 20.0,                                                               
    X(1) = 0.0, 1.67, 3.33, 5.0, 6.67, 8.33, 10.0, 11.67,                        
    33.33, 55.0, 56.67, 58.33, 60.0, 61.67, 63.33, 65.0,                         
    66.67, 68.33, 70.0, 71.67,                                                   
    ZU(1) = -3.5, -0.1, 0.68, 1.83, 3.25, 4.08, 4.5, 4.58,                       
    4.58, 4.58, 4.42, 4.33, 4.25, 4.08, 4.0, 3.83,                               
    3.83, 3.5, 3.42, 3.08,                                                       
    ZL(1) = -3.5, -5.72, -6.0, -6.25, -6.25, -6.33, -6.33, -6.33,                
    -6.33, -6.33, -5.58, -4.83, -3.92, -3.17, -2.25, -1.58,                      
    -0.67, 0.0, 0.75, 1.67,                                                      
    S(1) = 0.0, 24.86, 37.08, 49.11, 61.84, 71.83, 77.27, 78.47,                 
    78.47, 78.47, 67.18, 55.62, 45.16, 35.78, 27.5, 20.31,                       
    14.2, 9.19, 5.26, 1.54,                                                      
    BLN = 13.75,                                                                 
    BTAIL = 2.0, ITYPE = 3.0, METHOD = 2.0, $                                    
  $WGSCHR TYPEIN = 1.0, NPTS = 50.0, DWASH = 1.0,                                
    XCORD(1) = 0.0, 0.005, 0.02, 0.04, 0.06, 0.08, 0.1, 0.12,                    
    0.14, 0.16, 0.18, 0.2, 0.22, 0.24, 0.26, 0.28,                               
    0.3, 0.32, 0.34, 0.36, 0.38, 0.4, 0.42, 0.44,                                
    0.46, 0.48, 0.5, 0.52, 0.54, 0.56, 0.58, 0.6,                                
    0.62, 0.64, 0.66, 0.68, 0.7, 0.72, 0.74, 0.76,                               
    0.78, 0.8, 0.82, 0.84, 0.86, 0.88, 0.9, 0.92,                                
    0.94, 1.0,                                                                   
    YUPPER(1) = 0.0, 0.0141, 0.0252, 0.0329, 0.0378, 0.0416, 0.0447, 0.0472,     
    0.0495, 0.0514, 0.0531, 0.0545, 0.0557, 0.0568, 0.0577, 0.0585,              
    0.0591, 0.0595, 0.0599, 0.0601, 0.0602, 0.0602, 0.0601, 0.0599,              
    0.0596, 0.0592, 0.0586, 0.058, 0.0572, 0.0563, 0.0553, 0.0541,               
    0.0527, 0.0512, 0.0495, 0.0476, 0.0456, 0.0434, 0.041, 0.0384,               
    0.0357, 0.0328, 0.0297, 0.0265, 0.0231, 0.0195, 0.0157, 0.0117,              
    0.0075, -0.0067,                                                             
    YLOWER(1) = 0.0, -0.0141, -0.0252, -0.0329, -0.0378, -0.0416, -0.0447, -0.047
    -0.0496, -0.0515, -0.0532, -0.0547, -0.056, -0.057, -0.0579, -0.0586,        
    -0.0592, -0.0595, -0.0597, -0.0598, -0.0598, -0.0596, -0.0592, -0.0586,      
    -0.0578, -0.0567, -0.0554, -0.0538, -0.0519, -0.0497, -0.0472, -0.0444,      
    -0.0414, -0.0382, -0.0348, -0.0312, -0.0276, -0.024, -0.0204, -0.0168,       
    -0.0133, -0.0102, -0.0073, -0.0048, -0.0028, -0.0016, -0.001, -0.0013,       
    -0.0025, -0.0125,                                                            
    $                                                                            
  $WGPLNF CHRDTP = 4.34, CHRDR = 15.5,                                           
    SSPNE = 39.0, SSPN = 40.845,                                                 
    SAVSI = 30.0, CHSTAT = 0.5,                                                  
    TWISTA = 0.0, DHDADI = 5.0,                                                  
    TYPE = 1.0,$                                                                 
 CASEID TOTAL AIRCRAFT                                                           
0 INPUT DIMENSIONS ARE IN FT, SCALE FACTOR IS 1.0000

1                             AUTOMATED STABILITY AND CONTROL METHODS PER APRIL 1976 VERSION OF DATCOM   
                                                        USER DEFINED WING SECTION
     UPPER ABSCISSA     UPPER ORDINATE     LOWER ABSCISSA     LOWER ORDINATE      X-FRACTION CHORD    MEAN LINE    THICKNESS
          .00000             .00000            .00000            .00000               .00000            .00000        .00000
          .00500             .01410            .00500           -.01410               .00500            .00000        .02820
          .02000             .02520            .02000           -.02520               .02000            .00000        .05040
          .04000             .03290            .04000           -.03290               .04000            .00000        .06580
          .06000             .03780            .06000           -.03780               .06000            .00000        .07560
          .08000             .04160            .08000           -.04160               .08000            .00000        .08320
          .09989             .04470            .10011           -.04470               .10000            .00000        .08940
          .12006             .04720            .11994           -.04700               .12000            .00010        .09420
          .14019             .04950            .13981           -.04960               .14000           -.00005        .09910
          .16000             .05140            .16000           -.05150               .16000           -.00005        .10290
          .18007             .05310            .17993           -.05320               .18000           -.00005        .10630
          .20014             .05450            .19986           -.05470               .20000           -.00010        .10920
          .22000             .05570            .22000           -.05600               .22000           -.00015        .11170
          .23993             .05680            .24007           -.05700               .24000           -.00010        .11380
          .25993             .05770            .26007           -.05790               .26000           -.00010        .11560
          .27993             .05850            .28007           -.05860               .28000           -.00005        .11710
          .29993             .05910            .30007           -.05920               .30000           -.00005        .11830
          .31978             .05950            .32022           -.05950               .32000            .00000        .11900
          .33978             .05990            .34022           -.05970               .34000            .00010        .11960
          .35985             .06010            .36015           -.05980               .36000            .00015        .11990
          .37977             .06020            .38023           -.05980               .38000            .00020        .12000
          .39963             .06020            .40037           -.05960               .40000            .00030        .11980
          .41948             .06010            .42052           -.05920               .42000            .00045        .11930
          .43933             .05990            .44067           -.05860               .44000            .00065        .11850
          .45912             .05959            .46088           -.05779               .46000            .00090        .11740
          .47899             .05919            .48101           -.05669               .48000            .00125        .11590
          .49879             .05859            .50121           -.05539               .50000            .00160        .11400
          .51853             .05798            .52147           -.05378               .52000            .00210        .11180
          .53836             .05718            .54164           -.05188               .54000            .00265        .10910
          .55815             .05627            .56185           -.04967               .56000            .00330        .10600
          .57802             .05526            .58198           -.04716               .58000            .00405        .10250
          .59803             .05406            .60197           -.04436               .60000            .00485        .09850
          .61806             .05266            .62194           -.04136               .62000            .00565        .09410
          .63810             .05116            .64190           -.03816               .64000            .00650        .08940
          .65821             .04946            .66179           -.03476               .66000            .00735        .08430
          .67838             .04757            .68162           -.03117               .68000            .00820        .07880
          .69863             .04557            .70137           -.02757               .70000            .00900        .07320
          .71891             .04338            .72109           -.02398               .72000            .00970        .06740
          .73916             .04099            .74084           -.02039               .74000            .01030        .06140
          .75938             .03839            .76062           -.01679               .76000            .01080        .05520
          .77969             .03570            .78031           -.01330               .78000            .01120        .04900
          .80000             .03280            .80000           -.01020               .80000            .01130        .04300
          .82021             .02970            .81979           -.00730               .82000            .01120        .03700
          .84041             .02649            .83959           -.00479               .84000            .01085        .03130
          .86061             .02309            .85939           -.00279               .86000            .01015        .02590
          .88074             .01947            .87926           -.00157               .88000            .00895        .02110
          .90078             .01566            .89922           -.00096               .90000            .00735        .01670
          .92078             .01165            .91922           -.00125               .92000            .00520        .01300
          .94055             .00747            .93945           -.00247               .94000            .00250        .01000
         1.00000             .00000           1.00000            .00000              1.00000            .00000        .00000
1                             AUTOMATED STABILITY AND CONTROL METHODS PER APRIL 1976 VERSION OF DATCOM   
                                                        WING SECTION DEFINITION
0                                 IDEAL ANGLE OF ATTACK =   -.37012 DEG.

                              ZERO LIFT ANGLE OF ATTACK =   -.81920 DEG.

                                 IDEAL LIFT COEFFICIENT =    .06271

                  ZERO LIFT PITCHING MOMENT COEFFICIENT =   -.03312

                             MACH ZERO LIFT-CURVE-SLOPE =    .10318 /DEG.

                                    LEADING EDGE RADIUS =    .02238 FRACTION CHORD

                              MAXIMUM AIRFOIL THICKNESS =    .12000 FRACTION CHORD

                                                DELTA-Y =   3.35700 PERCENT CHORD


0                                    *** CREST CRITICAL MACH NUMBER EXCEEDED ***

                                    CREST CRITICAL MACH =    .77469

                                               LOCATION =    .37843 FRACTION CHORD

                                       LIFT-CURVE-SLOPE =    .13677 /DEG.
 WARNING*** BODY ALONE DYNAMIC DERIVATIVE METHOD VALID FOR NOSE CYLINDER ONLY
            TAIL EFFECTS IGNORED]
1                               AUTOMATED STABILITY AND CONTROL METHODS PER APRIL 1976 VERSION OF DATCOM
                                         CHARACTERISTICS AT ANGLE OF ATTACK AND IN SIDESLIP
                                                       WING-BODY CONFIGURATION
                                                          TOTAL AIRCRAFT
 
 -----------------------  FLIGHT CONDITIONS  ------------------------           --------------  REFERENCE DIMENSIONS  ------------
  MACH    ALTITUDE   VELOCITY    PRESSURE    TEMPERATURE     REYNOLDS             REF.      REFERENCE LENGTH   MOMENT REF. CENTER
 NUMBER                                                       NUMBER              AREA       LONG.     LAT.     HORIZ      VERT
             FT       FT/SEC     LB/FT**2       DEG R         1/FT               FT**2        FT        FT        FT        FT
0  .790   32000.00     779.03   5.7458E+02     404.727     2.0944E+06           702.400      8.167    81.683    39.208      .000
0                                                               -------------------DERIVATIVE (PER DEGREE)-------------------
0 ALPHA     CD       CL       CM       CN       CA       XCP        CLA          CMA          CYB          CNB          CLB
0
    2.0     .017     .433     NDM      .434     .002    -.568    1.086E-01   -6.166E-02   -5.811E-03   -2.936E-03   -2.954E-03
0*** NDM PRINTED WHEN NO DATCOM METHODS EXIST
1                               AUTOMATED STABILITY AND CONTROL METHODS PER APRIL 1976 VERSION OF DATCOM
                                                         DYNAMIC DERIVATIVES
                                                       WING-BODY CONFIGURATION
                                                          TOTAL AIRCRAFT
 
 -----------------------  FLIGHT CONDITIONS  ------------------------           --------------  REFERENCE DIMENSIONS  ------------
  MACH    ALTITUDE   VELOCITY    PRESSURE    TEMPERATURE     REYNOLDS             REF.      REFERENCE LENGTH   MOMENT REF. CENTER
 NUMBER                                                       NUMBER              AREA       LONG.     LAT.     HORIZ      VERT
             FT       FT/SEC     LB/FT**2       DEG R         1/FT               FT**2        FT        FT        FT        FT
0  .790   32000.00     779.03   5.7458E+02     404.727     2.0944E+06           702.400      8.167    81.683    39.208      .000
                                                    DYNAMIC DERIVATIVES (PER DEGREE)
0           -------PITCHING-------    -----ACCELERATION------    --------------ROLLING--------------    --------YAWING--------
0   ALPHA       CLQ          CMQ           CLAD         CMAD         CLP          CYP          CNP          CNR          CLR
0
     2.00    1.917E-01   -2.396E-01       NDM          NDM          NDM          NDM          NDM          NDM          NDM 
0*** NDM PRINTED WHEN NO DATCOM METHODS EXIST
0*** VEHICLE WEIGHT =  59000.00 LB.
0*** LEVEL FLIGHT LIFT COEFFICIENT =  .33463
1                             AUTOMATED STABILITY AND CONTROL METHODS PER APRIL 1976 VERSION OF DATCOM
                                             CONFIGURATION AUXILIARY AND PARTIAL OUTPUT
                                                       WING-BODY CONFIGURATION
                                                          TOTAL AIRCRAFT
 -----------------------  FLIGHT CONDITIONS  ------------------------           --------------  REFERENCE DIMENSIONS  ------------
  MACH    ALTITUDE   VELOCITY    PRESSURE    TEMPERATURE     REYNOLDS             REF.      REFERENCE LENGTH   MOMENT REF. CENTER
 NUMBER                                                       NUMBER              AREA       LONG.     LAT.     HORIZ      VERT
             FT       FT/SEC     LB/FT**2       DEG R         1/FT               FT**2        FT        FT        FT        FT
0  .790   32000.00     779.03   5.7458E+02     404.727     2.0944E+06           702.400      8.167    81.683    39.208      .000


                                                       BASIC BODY PROPERTIES

            WETTED AREA      XCG     ZCG     BASE AREA     ZERO LIFT DRAG   BASE DRAG   FRICTION DRAG   PRESSURE DRAG
              .1930E+04    39.21     .00      23.5410         .8565E-02     .2352E-02     .5262E-02       .9508E-03


                                         XCG RELATIVE TO THEORETICAL LEADING EDGE MAC=  -1.39


                                                       BASIC PLANFORM PROPERTIES

                                    TAPER     ASPECT   QUARTER CHORD             QUARTER CHORD              ZERO LIFT    FRICTION
                         AREA       RATIO      RATIO       SWEEP        MAC        X(MAC)       Y(MAC)        DRAG     COEFFICIENT
0      WING
   TOTAL THEORITICAL
+                      .8104E+03     .280     .8235E+01    32.849     .110E+02     .433E+02     .166E+02                       
       TOTAL EXPOSED
+                      .7541E+03     .289     .8068E+01    32.849     .106E+02     .441E+02     .178E+02     .844E-02     .256E-02
1                             AUTOMATED STABILITY AND CONTROL METHODS PER APRIL 1976 VERSION OF DATCOM
                                             CONFIGURATION AUXILIARY AND PARTIAL OUTPUT
                                                       WING-BODY CONFIGURATION
                                                          TOTAL AIRCRAFT
 -----------------------  FLIGHT CONDITIONS  ------------------------           --------------  REFERENCE DIMENSIONS  ------------
  MACH    ALTITUDE   VELOCITY    PRESSURE    TEMPERATURE     REYNOLDS             REF.      REFERENCE LENGTH   MOMENT REF. CENTER
 NUMBER                                                       NUMBER              AREA       LONG.     LAT.     HORIZ      VERT
             FT       FT/SEC     LB/FT**2       DEG R         1/FT               FT**2        FT        FT        FT        FT
0  .790   32000.00     779.03   5.7458E+02     404.727     2.0944E+06           702.400      8.167    81.683    39.208      .000
0          CLA-B(W)= 4.335E-03     CLA-W(B)= 1.019E-01     K-B(W)= 4.408E-02     K-W(B)= 1.036E+00     XAC/C-B(W)= 8.429E-01
1                             AUTOMATED STABILITY AND CONTROL METHODS PER APRIL 1976 VERSION OF DATCOM
                                             CONFIGURATION AUXILIARY AND PARTIAL OUTPUT
                                                       WING-BODY CONFIGURATION
                                                          TOTAL AIRCRAFT
 -----------------------  FLIGHT CONDITIONS  ------------------------           --------------  REFERENCE DIMENSIONS  ------------
  MACH    ALTITUDE   VELOCITY    PRESSURE    TEMPERATURE     REYNOLDS             REF.      REFERENCE LENGTH   MOMENT REF. CENTER
 NUMBER                                                       NUMBER              AREA       LONG.     LAT.     HORIZ      VERT
             FT       FT/SEC     LB/FT**2       DEG R         1/FT               FT**2        FT        FT        FT        FT
0  .790   32000.00     779.03   5.7458E+02     404.727     2.0944E+06           702.400      8.167    81.683    39.208      .000


                                                      *** WING DATA FAIRING ***
                                       CDL/CL**2 =  .3368E+00     CLB/CL = -.8816E-02
            FORCE BREAK MACH NUMBER (ZERO SWEEP) =  .8000E+00     FORCE BREAK MACH NUMBER (WITH SWEEP) =  .8418E+00
                      MACH(A) =  .912     CLA(A) =  .2743E-01     MACH(B) =  .982     CLA(B) =  .8379E-01
                                                (CLB/CL)M=0.6 = -.6365E-02     (CLB/CL)M=1.4 = -.5395E-02

                                                  LIFT-CURVE-SLOPE INTERPOLATION TABLE
                                                      MACH               CL-ALPHA
                                                      .742                .9646E-01
                                                      .842                .9857E-01
                                                      .912                .2743E-01
                                                      .982                .8379E-01
                                                     1.400                .6574E-01


                                                   *** WING-BODY DATA FAIRING ***
            CLB/CL = -.6819E-02     (CLB/CL)MFB = -.5775E-02     (CLB/CL)M=1.4 = -.3997E-02     (CNA)M=1.4 =  .7202E-01
1
1 END OF JOB.
